<?xml version="1.0" encoding="UTF-8"?>
<!-- Generated by org.testng.reporters.JUnitXMLReporter -->
<testsuite hostname="FONNOIDSK92" name="Main_Windows_FF" tests="1" failures="1" timestamp="30 May 2016 12:33:49 GMT" time="5.338" errors="0">
  <testcase name="PriorityBar_Panel_Verify_UI" time="0.655" classname="com.webomates.app.testcases.PriorityBar">
    <failure type="java.lang.AssertionError" message="expected [Data Table] but found [Description Table]">
      <![CDATA[java.lang.AssertionError: expected [Data Table] but found [Description Table]
	at com.webomates.app.util.Util.assertElementText(Util.java:73)
	at com.webomates.app.testcases.PriorityBar.PriorityBar_Panel_Verify_UI(PriorityBar.java:28)
	at java.util.concurrent.FutureTask.run(FutureTask.java:266)
	at java.util.concurrent.ThreadPoolExecutor.runWorker(ThreadPoolExecutor.java:1142)
	at java.util.concurrent.ThreadPoolExecutor$Worker.run(ThreadPoolExecutor.java:617)
	at java.lang.Thread.run(Thread.java:745)
... Removed 21 stack frames]]>
    </failure>
  </testcase> <!-- PriorityBar_Panel_Verify_UI -->
</testsuite> <!-- Main_Windows_FF -->
