<?xml version="1.0" encoding="UTF-8"?>
<testsuite name="TestSuite" time="0.659" tests="1" errors="0" skipped="0" failures="1">
  <properties>
[...]
</properties>
  <testcase name="PriorityBar_Panel_Verify_UI" classname="com.webomates.app.testcases.PriorityBar" time="0.659">
    <failure message="expected [Data Table] but found [Description Table]" type="java.lang.AssertionError">java.lang.AssertionError: expected [Data Table] but found [Description Table]
	at org.testng.Assert.fail(Assert.java:94)
	at org.testng.Assert.failNotEquals(Assert.java:496)
	at org.testng.Assert.assertEquals(Assert.java:125)
	at org.testng.Assert.assertEquals(Assert.java:178)
	at org.testng.Assert.assertEquals(Assert.java:188)
	at com.webomates.app.util.Util.assertElementText(Util.java:73)
	at com.webomates.app.testcases.PriorityBar.PriorityBar_Panel_Verify_UI(PriorityBar.java:28)
</failure>
    <system-out>expected Text :Defects Priority Actual text : Defects Priority
existance of defectview_header Element on UI is : true
expected Text :Defects View Actual text : Defects View
existance of sidebar_homelink Element on UI is : true
expected Text :Home Actual text : Home
existance of sidebar_piechartlink Element on UI is : true
expected Text :Pie Chart Actual text : Pie Chart
existance of sidebar_prioritybarlink Element on UI is : true
expected Text :Priority Bar Graph Actual text : Priority Bar Graph
existance of sidebar_descriptiontablelink Element on UI is : true
</system-out>
  </testcase>
</testsuite>